<?xml version="1.0" encoding="UTF-8"?>
<!-- Generated by org.testng.reporters.JUnitReportReporter -->
<testsuite skipped="0" hostname="LAPTOP-SK2I11LG" name="tests.ValidateMonthDropDown" tests="1" failures="0" timestamp="2022-04-28T18:47:43 EDT" time="37.727" errors="0">
  <testcase name="validateAllmonths" time="37.727" classname="tests.ValidateMonthDropDown"/>
  <system-out/>
</testsuite> <!-- tests.ValidateMonthDropDown -->
